app/build/intermediates/manifest_merge_blame_file/debug/manifest-merger-blame-debug-report.txt
1<?xml version="1.0" encoding="utf-8"?>
2<manifest xmlns:android="http://schemas.android.com/apk/res/android"
3    package="com.robelseyoum3.slynccodingchallenge"
4    android:versionCode="1"
5    android:versionName="1.0" >
6
7    <uses-sdk
8        android:minSdkVersion="21"
8-->src/main/AndroidManifest.xml
9        android:targetSdkVersion="30" />
9-->src/main/AndroidManifest.xml
10
11    <uses-permission android:name="android.permission.INTERNET" />
11-->src/main/AndroidManifest.xml:5:5-66
11-->src/main/AndroidManifest.xml:5:22-64
12
13    <!-- To store the heap dumps and leak analysis results. -->
14    <uses-permission android:name="android.permission.READ_EXTERNAL_STORAGE" />
14-->[com.squareup.leakcanary:leakcanary-android-core:2.0-alpha-3] AndroidManifest.xml:23:5-80
14-->[com.squareup.leakcanary:leakcanary-android-core:2.0-alpha-3] AndroidManifest.xml:23:22-77
15    <uses-permission android:name="android.permission.WRITE_EXTERNAL_STORAGE" /> <!-- To allow starting foreground services on Android P+ - https://developer.android.com/preview/behavior-changes#fg-svc -->
15-->[com.squareup.leakcanary:leakcanary-android-core:2.0-alpha-3] AndroidManifest.xml:24:5-81
15-->[com.squareup.leakcanary:leakcanary-android-core:2.0-alpha-3] AndroidManifest.xml:24:22-78
16    <uses-permission android:name="android.permission.FOREGROUND_SERVICE" />
16-->[com.squareup.leakcanary:leakcanary-android-core:2.0-alpha-3] AndroidManifest.xml:26:5-77
16-->[com.squareup.leakcanary:leakcanary-android-core:2.0-alpha-3] AndroidManifest.xml:26:22-74
17    <uses-permission android:name="android.permission.READ_PHONE_STATE" />
18
19    <application
19-->src/main/AndroidManifest.xml:7:5-23:19
20        android:name="com.robelseyoum3.slynccodingchallenge.BaseApplication"
20-->src/main/AndroidManifest.xml:8:9-40
21        android:allowBackup="true"
21-->src/main/AndroidManifest.xml:9:9-35
22        android:appComponentFactory="androidx.core.app.CoreComponentFactory"
22-->[androidx.core:core:1.3.1] AndroidManifest.xml:24:18-86
23        android:debuggable="true"
24        android:icon="@mipmap/ic_launcher"
24-->src/main/AndroidManifest.xml:10:9-43
25        android:label="@string/app_name"
25-->src/main/AndroidManifest.xml:11:9-41
26        android:roundIcon="@mipmap/ic_launcher_round"
26-->src/main/AndroidManifest.xml:12:9-54
27        android:supportsRtl="true"
27-->src/main/AndroidManifest.xml:13:9-35
28        android:testOnly="true"
29        android:theme="@style/AppTheme" >
29-->src/main/AndroidManifest.xml:14:9-40
30        <activity android:name="com.robelseyoum3.slynccodingchallenge.ui.main.slyncnewsfeed.SlyncActivity" >
30-->src/main/AndroidManifest.xml:16:9-22:20
30-->src/main/AndroidManifest.xml:16:19-70
31            <intent-filter>
31-->src/main/AndroidManifest.xml:17:13-21:29
32                <action android:name="android.intent.action.MAIN" />
32-->src/main/AndroidManifest.xml:18:17-69
32-->src/main/AndroidManifest.xml:18:25-66
33
34                <category android:name="android.intent.category.LAUNCHER" />
34-->src/main/AndroidManifest.xml:20:17-77
34-->src/main/AndroidManifest.xml:20:27-74
35            </intent-filter>
36        </activity>
37
38        <service
38-->[com.squareup.leakcanary:leakcanary-android:2.0-alpha-3] AndroidManifest.xml:23:9-29:19
39            android:name="leakcanary.internal.HeapAnalyzerService"
39-->[com.squareup.leakcanary:leakcanary-android:2.0-alpha-3] AndroidManifest.xml:24:13-67
40            android:exported="false" >
40-->[com.squareup.leakcanary:leakcanary-android:2.0-alpha-3] AndroidManifest.xml:25:13-37
41            <intent-filter>
41-->[com.squareup.leakcanary:leakcanary-android:2.0-alpha-3] AndroidManifest.xml:26:13-28:29
42                <action android:name="leakcanary.ANALYSIS_ACTION" />
42-->[com.squareup.leakcanary:leakcanary-android:2.0-alpha-3] AndroidManifest.xml:27:17-69
42-->[com.squareup.leakcanary:leakcanary-android:2.0-alpha-3] AndroidManifest.xml:27:25-66
43            </intent-filter>
44        </service>
45
46        <provider
46-->[com.squareup.leakcanary:leakcanary-android-core:2.0-alpha-3] AndroidManifest.xml:29:9-37:20
47            android:name="leakcanary.internal.LeakCanaryFileProvider"
47-->[com.squareup.leakcanary:leakcanary-android-core:2.0-alpha-3] AndroidManifest.xml:30:13-70
48            android:authorities="com.squareup.leakcanary.fileprovider.com.robelseyoum3.slynccodingchallenge"
48-->[com.squareup.leakcanary:leakcanary-android-core:2.0-alpha-3] AndroidManifest.xml:31:13-88
49            android:exported="false"
49-->[com.squareup.leakcanary:leakcanary-android-core:2.0-alpha-3] AndroidManifest.xml:32:13-37
50            android:grantUriPermissions="true" >
50-->[com.squareup.leakcanary:leakcanary-android-core:2.0-alpha-3] AndroidManifest.xml:33:13-47
51            <meta-data
51-->[com.squareup.leakcanary:leakcanary-android-core:2.0-alpha-3] AndroidManifest.xml:34:13-36:66
52                android:name="android.support.FILE_PROVIDER_PATHS"
52-->[com.squareup.leakcanary:leakcanary-android-core:2.0-alpha-3] AndroidManifest.xml:35:17-67
53                android:resource="@xml/leak_canary_file_paths" />
53-->[com.squareup.leakcanary:leakcanary-android-core:2.0-alpha-3] AndroidManifest.xml:36:17-63
54        </provider>
55
56        <activity
56-->[com.squareup.leakcanary:leakcanary-android-core:2.0-alpha-3] AndroidManifest.xml:39:9-44:66
57            android:name="leakcanary.internal.activity.LeakActivity"
57-->[com.squareup.leakcanary:leakcanary-android-core:2.0-alpha-3] AndroidManifest.xml:40:13-69
58            android:icon="@mipmap/leak_canary_icon"
58-->[com.squareup.leakcanary:leakcanary-android-core:2.0-alpha-3] AndroidManifest.xml:41:13-52
59            android:label="@string/leak_canary_display_activity_label"
59-->[com.squareup.leakcanary:leakcanary-android-core:2.0-alpha-3] AndroidManifest.xml:42:13-71
60            android:taskAffinity="com.squareup.leakcanary.com.robelseyoum3.slynccodingchallenge"
60-->[com.squareup.leakcanary:leakcanary-android-core:2.0-alpha-3] AndroidManifest.xml:43:13-76
61            android:theme="@style/leak_canary_LeakCanary.Base" />
61-->[com.squareup.leakcanary:leakcanary-android-core:2.0-alpha-3] AndroidManifest.xml:44:13-63
62
63        <activity-alias
63-->[com.squareup.leakcanary:leakcanary-android-core:2.0-alpha-3] AndroidManifest.xml:46:9-59:26
64            android:name="leakcanary.internal.activity.LeakLauncherActivity"
64-->[com.squareup.leakcanary:leakcanary-android-core:2.0-alpha-3] AndroidManifest.xml:47:13-77
65            android:enabled="@bool/leak_canary_add_launcher_icon"
65-->[com.squareup.leakcanary:leakcanary-android-core:2.0-alpha-3] AndroidManifest.xml:48:13-66
66            android:icon="@mipmap/leak_canary_icon"
66-->[com.squareup.leakcanary:leakcanary-android-core:2.0-alpha-3] AndroidManifest.xml:49:13-52
67            android:label="@string/leak_canary_display_activity_label"
67-->[com.squareup.leakcanary:leakcanary-android-core:2.0-alpha-3] AndroidManifest.xml:50:13-71
68            android:targetActivity="leakcanary.internal.activity.LeakActivity"
68-->[com.squareup.leakcanary:leakcanary-android-core:2.0-alpha-3] AndroidManifest.xml:51:13-79
69            android:taskAffinity="com.squareup.leakcanary.com.robelseyoum3.slynccodingchallenge"
69-->[com.squareup.leakcanary:leakcanary-android-core:2.0-alpha-3] AndroidManifest.xml:52:13-76
70            android:theme="@style/leak_canary_LeakCanary.Base" >
70-->[com.squareup.leakcanary:leakcanary-android-core:2.0-alpha-3] AndroidManifest.xml:53:13-63
71            <intent-filter>
71-->src/main/AndroidManifest.xml:17:13-21:29
72                <action android:name="android.intent.action.MAIN" />
72-->src/main/AndroidManifest.xml:18:17-69
72-->src/main/AndroidManifest.xml:18:25-66
73
74                <category android:name="android.intent.category.LAUNCHER" />
74-->src/main/AndroidManifest.xml:20:17-77
74-->src/main/AndroidManifest.xml:20:27-74
75            </intent-filter>
76        </activity-alias>
77
78        <activity
78-->[com.squareup.leakcanary:leakcanary-android-core:2.0-alpha-3] AndroidManifest.xml:61:9-67:68
79            android:name="leakcanary.internal.RequestStoragePermissionActivity"
79-->[com.squareup.leakcanary:leakcanary-android-core:2.0-alpha-3] AndroidManifest.xml:62:13-80
80            android:excludeFromRecents="true"
80-->[com.squareup.leakcanary:leakcanary-android-core:2.0-alpha-3] AndroidManifest.xml:63:13-46
81            android:icon="@mipmap/leak_canary_icon"
81-->[com.squareup.leakcanary:leakcanary-android-core:2.0-alpha-3] AndroidManifest.xml:64:13-52
82            android:label="@string/leak_canary_storage_permission_activity_label"
82-->[com.squareup.leakcanary:leakcanary-android-core:2.0-alpha-3] AndroidManifest.xml:65:13-82
83            android:taskAffinity="com.squareup.leakcanary.com.robelseyoum3.slynccodingchallenge"
83-->[com.squareup.leakcanary:leakcanary-android-core:2.0-alpha-3] AndroidManifest.xml:66:13-76
84            android:theme="@style/leak_canary_Theme.Transparent" />
84-->[com.squareup.leakcanary:leakcanary-android-core:2.0-alpha-3] AndroidManifest.xml:67:13-65
85
86        <receiver android:name="leakcanary.internal.NotificationReceiver" />
86-->[com.squareup.leakcanary:leakcanary-android-core:2.0-alpha-3] AndroidManifest.xml:69:9-77
86-->[com.squareup.leakcanary:leakcanary-android-core:2.0-alpha-3] AndroidManifest.xml:69:19-74
87
88        <provider
88-->[com.squareup.picasso:picasso:2.71828] AndroidManifest.xml:8:9-11:40
89            android:name="com.squareup.picasso.PicassoProvider"
89-->[com.squareup.picasso:picasso:2.71828] AndroidManifest.xml:9:13-64
90            android:authorities="com.robelseyoum3.slynccodingchallenge.com.squareup.picasso"
90-->[com.squareup.picasso:picasso:2.71828] AndroidManifest.xml:10:13-72
91            android:exported="false" />
91-->[com.squareup.picasso:picasso:2.71828] AndroidManifest.xml:11:13-37
92        <provider
92-->[com.squareup.leakcanary:leaksentry:2.0-alpha-3] AndroidManifest.xml:8:9-11:40
93            android:name="leakcanary.internal.LeakSentryInstaller"
93-->[com.squareup.leakcanary:leaksentry:2.0-alpha-3] AndroidManifest.xml:9:13-67
94            android:authorities="com.robelseyoum3.slynccodingchallenge.leak-sentry-installer"
94-->[com.squareup.leakcanary:leaksentry:2.0-alpha-3] AndroidManifest.xml:10:13-73
95            android:exported="false" />
95-->[com.squareup.leakcanary:leaksentry:2.0-alpha-3] AndroidManifest.xml:11:13-37
96
97        <service
97-->[androidx.room:room-runtime:2.2.5] AndroidManifest.xml:25:9-28:40
98            android:name="androidx.room.MultiInstanceInvalidationService"
98-->[androidx.room:room-runtime:2.2.5] AndroidManifest.xml:26:13-74
99            android:directBootAware="true"
99-->[androidx.room:room-runtime:2.2.5] AndroidManifest.xml:27:13-43
100            android:exported="false" />
100-->[androidx.room:room-runtime:2.2.5] AndroidManifest.xml:28:13-37
101
102        <activity
102-->[com.google.android.gms:play-services-base:17.0.0] AndroidManifest.xml:23:9-26:75
103            android:name="com.google.android.gms.common.api.GoogleApiActivity"
103-->[com.google.android.gms:play-services-base:17.0.0] AndroidManifest.xml:24:13-79
104            android:exported="false"
104-->[com.google.android.gms:play-services-base:17.0.0] AndroidManifest.xml:25:13-37
105            android:theme="@android:style/Theme.Translucent.NoTitleBar" />
105-->[com.google.android.gms:play-services-base:17.0.0] AndroidManifest.xml:26:13-72
106
107        <meta-data
107-->[com.google.android.gms:play-services-basement:17.0.0] AndroidManifest.xml:23:9-25:69
108            android:name="com.google.android.gms.version"
108-->[com.google.android.gms:play-services-basement:17.0.0] AndroidManifest.xml:24:13-58
109            android:value="@integer/google_play_services_version" />
109-->[com.google.android.gms:play-services-basement:17.0.0] AndroidManifest.xml:25:13-66
110
111        <provider
111-->[androidx.lifecycle:lifecycle-process:2.2.0-alpha03] AndroidManifest.xml:25:9-29:43
112            android:name="androidx.lifecycle.ProcessLifecycleOwnerInitializer"
112-->[androidx.lifecycle:lifecycle-process:2.2.0-alpha03] AndroidManifest.xml:26:13-79
113            android:authorities="com.robelseyoum3.slynccodingchallenge.lifecycle-process"
113-->[androidx.lifecycle:lifecycle-process:2.2.0-alpha03] AndroidManifest.xml:27:13-69
114            android:exported="false"
114-->[androidx.lifecycle:lifecycle-process:2.2.0-alpha03] AndroidManifest.xml:28:13-37
115            android:multiprocess="true" />
115-->[androidx.lifecycle:lifecycle-process:2.2.0-alpha03] AndroidManifest.xml:29:13-40
116    </application>
117
118</manifest>